\BOOKMARK [0][-]{chapter*.1}{\376\377\000A\000b\000s\000t\000r\000a\000c\000t}{}% 1
\BOOKMARK [0][-]{chapter*.3}{\376\377\000L\000i\000s\000t\000\040\000o\000f\000\040\000F\000i\000g\000u\000r\000e\000s}{}% 2
\BOOKMARK [0][-]{chapter*.4}{\376\377\000L\000i\000s\000t\000\040\000o\000f\000\040\000T\000a\000b\000l\000e\000s}{}% 3
\BOOKMARK [0][-]{chapter*.5}{\376\377\000A\000c\000r\000o\000n\000y\000m\000s}{}% 4
\BOOKMARK [0][-]{chapter.1}{\376\377\000I\000n\000t\000r\000o\000d\000u\000c\000t\000i\000o\000n}{}% 5
\BOOKMARK [1][-]{section.1.1}{\376\377\000P\000r\000o\000b\000l\000e\000m\000\040\000S\000t\000a\000t\000e\000m\000e\000n\000t}{chapter.1}% 6
\BOOKMARK [1][-]{section.1.2}{\376\377\000R\000e\000l\000a\000t\000e\000d\000\040\000W\000o\000r\000k}{chapter.1}% 7
\BOOKMARK [-1][-]{part.1}{\376\377\000I\000\040\000T\000h\000e\000o\000r\000e\000t\000i\000c\000a\000l\000\040\000B\000a\000c\000k\000g\000r\000o\000u\000n\000d}{}% 8
\BOOKMARK [0][-]{chapter.2}{\376\377\000M\000a\000r\000k\000o\000v\000\040\000D\000e\000c\000i\000s\000i\000o\000n\000\040\000P\000r\000o\000c\000e\000s\000s\000e\000s}{part.1}% 9
\BOOKMARK [1][-]{section.2.1}{\376\377\000P\000o\000l\000i\000c\000y\000\040\000a\000n\000d\000\040\000V\000a\000l\000u\000e\000\040\000F\000u\000n\000c\000t\000i\000o\000n}{chapter.2}% 10
\BOOKMARK [1][-]{section.2.2}{\376\377\000B\000e\000l\000l\000m\000a\000n\000\040\000O\000p\000t\000i\000m\000a\000l\000i\000t\000y\000\040\000E\000q\000u\000a\000t\000i\000o\000n}{chapter.2}% 11
\BOOKMARK [1][-]{section.2.3}{\376\377\000S\000o\000l\000v\000i\000n\000g\000\040\000M\000D\000P\000s}{chapter.2}% 12
\BOOKMARK [1][-]{section.2.4}{\376\377\000D\000y\000n\000a\000m\000i\000c\000\040\000P\000r\000o\000g\000r\000a\000m\000m\000i\000n\000g}{chapter.2}% 13
\BOOKMARK [2][-]{subsection.2.4.1}{\376\377\000P\000o\000l\000i\000c\000y\000\040\000I\000t\000e\000r\000a\000t\000i\000o\000n}{section.2.4}% 14
\BOOKMARK [2][-]{subsection.2.4.2}{\376\377\000V\000a\000l\000u\000e\000\040\000I\000t\000e\000r\000a\000t\000i\000o\000n}{section.2.4}% 15
\BOOKMARK [2][-]{subsection.2.4.3}{\376\377\000G\000e\000n\000e\000r\000a\000l\000i\000z\000e\000d\000\040\000P\000o\000l\000i\000c\000y\000\040\000I\000t\000e\000r\000a\000t\000i\000o\000n}{section.2.4}% 16
\BOOKMARK [1][-]{section.2.5}{\376\377\000M\000o\000n\000t\000e\000\040\000C\000a\000r\000l\000o\000\040\000M\000e\000t\000h\000o\000d\000s}{chapter.2}% 17
\BOOKMARK [1][-]{section.2.6}{\376\377\000T\000e\000m\000p\000o\000r\000a\000l\000\040\000D\000i\000f\000f\000e\000r\000e\000n\000c\000e\000\040\000L\000e\000a\000r\000n\000i\000n\000g}{chapter.2}% 18
\BOOKMARK [2][-]{subsection.2.6.1}{\376\377\000S\000a\000r\000s\000a}{section.2.6}% 19
\BOOKMARK [2][-]{subsection.2.6.2}{\376\377\000Q\000-\000L\000e\000a\000r\000n\000i\000n\000g}{section.2.6}% 20
\BOOKMARK [1][-]{section.2.7}{\376\377\000P\000o\000l\000i\000c\000y\000\040\000G\000r\000a\000d\000i\000e\000n\000t\000\040\000M\000e\000t\000h\000o\000d\000s}{chapter.2}% 21
\BOOKMARK [2][-]{subsection.2.7.1}{\376\377\000F\000u\000n\000c\000t\000i\000o\000n\000\040\000A\000p\000p\000r\000o\000x\000i\000m\000a\000t\000i\000o\000n}{section.2.7}% 22
\BOOKMARK [2][-]{subsection.2.7.2}{\376\377\000P\000o\000l\000i\000c\000y\000\040\000G\000r\000a\000d\000i\000e\000n\000t\000\040\000T\000h\000e\000o\000r\000e\000m}{section.2.7}% 23
\BOOKMARK [2][-]{subsection.2.7.3}{\376\377\000R\000E\000I\000N\000F\000O\000R\000C\000E}{section.2.7}% 24
\BOOKMARK [2][-]{subsection.2.7.4}{\376\377\000A\000c\000t\000o\000r\000\040\000C\000r\000i\000t\000i\000c}{section.2.7}% 25
\BOOKMARK [2][-]{subsection.2.7.5}{\376\377\000T\000r\000u\000s\000t\000\040\000R\000e\000g\000i\000o\000n\000\040\000P\000o\000l\000i\000c\000y\000\040\000O\000p\000t\000i\000m\000i\000z\000a\000t\000i\000o\000n}{section.2.7}% 26
\BOOKMARK [2][-]{subsection.2.7.6}{\376\377\000P\000r\000o\000x\000i\000m\000a\000l\000\040\000P\000o\000l\000i\000c\000y\000\040\000O\000p\000t\000i\000m\000i\000z\000a\000t\000i\000o\000n}{section.2.7}% 27
\BOOKMARK [0][-]{chapter.3}{\376\377\000P\000a\000r\000t\000i\000a\000l\000l\000y\000\040\000O\000b\000s\000e\000r\000v\000a\000b\000l\000e\000\040\000M\000a\000r\000k\000o\000v\000\040\000D\000e\000c\000i\000s\000i\000o\000n\000\040\000P\000r\000o\000c\000e\000s\000s\000e\000s}{part.1}% 28
\BOOKMARK [1][-]{section.3.1}{\376\377\000B\000e\000l\000i\000e\000f\000\040\000S\000t\000a\000t\000e\000\040\000M\000D\000P\000s}{chapter.3}% 29
\BOOKMARK [1][-]{section.3.2}{\376\377\000P\000o\000l\000i\000c\000i\000e\000s\000\040\000a\000n\000d\000\040\000V\000a\000l\000u\000e\000\040\000F\000u\000n\000c\000t\000i\000o\000n\000s}{chapter.3}% 30
\BOOKMARK [1][-]{section.3.3}{\376\377\000E\000x\000a\000c\000t\000\040\000V\000a\000l\000u\000e\000\040\000I\000t\000e\000r\000a\000t\000i\000o\000n}{chapter.3}% 31
\BOOKMARK [1][-]{section.3.4}{\376\377\000P\000o\000i\000n\000t\000\040\000B\000a\000s\000e\000d\000\040\000V\000a\000l\000u\000e\000\040\000I\000t\000e\000r\000a\000t\000i\000o\000n}{chapter.3}% 32
\BOOKMARK [2][-]{subsection.3.4.1}{\376\377\000P\000e\000r\000s\000e\000u\000s}{section.3.4}% 33
\BOOKMARK [1][-]{section.3.5}{\376\377\000M\000D\000P\000\040\000b\000a\000s\000e\000d\000\040\000A\000p\000p\000r\000o\000x\000i\000m\000a\000t\000i\000o\000n\000s}{chapter.3}% 34
\BOOKMARK [1][-]{section.3.6}{\376\377\000E\000n\000t\000r\000o\000p\000y\000\040\000b\000a\000s\000e\000d\000\040\000H\000e\000u\000r\000i\000s\000t\000i\000c\000s}{chapter.3}% 35
\BOOKMARK [-1][-]{part.2}{\376\377\000I\000I\000\040\000E\000x\000p\000e\000r\000i\000m\000e\000n\000t\000s}{}% 36
\BOOKMARK [0][-]{chapter.4}{\376\377\000M\000e\000t\000h\000o\000d\000s}{part.2}% 37
\BOOKMARK [1][-]{section.4.1}{\376\377\000G\000r\000i\000d\000w\000o\000r\000l\000d}{chapter.4}% 38
\BOOKMARK [2][-]{subsection.4.1.1}{\376\377\000T\000e\000s\000t\000s}{section.4.1}% 39
\BOOKMARK [1][-]{section.4.2}{\376\377\000D\000e\000f\000o\000r\000m\000a\000b\000l\000e\000\040\000M\000a\000z\000e}{chapter.4}% 40
\BOOKMARK [2][-]{subsection.4.2.1}{\376\377\000T\000e\000s\000t\000s}{section.4.2}% 41
\BOOKMARK [1][-]{section.4.3}{\376\377\000S\000u\000r\000g\000i\000c\000a\000l\000\040\000T\000a\000s\000k}{chapter.4}% 42
\BOOKMARK [2][-]{subsection.4.3.1}{\376\377\000T\000e\000s\000t\000s}{section.4.3}% 43
\BOOKMARK [0][-]{chapter.5}{\376\377\000R\000e\000s\000u\000l\000t\000s\000\040\000a\000n\000d\000\040\000F\000u\000t\000u\000r\000e\000\040\000D\000i\000r\000e\000c\000t\000i\000o\000n\000s}{part.2}% 44
