Fri Nov 15 12:26:23 CET 2024
wandb: Using wandb-core as the SDK backend.  Please refer to https://wandb.me/wandb-core for more information.
wandb: Tracking run with wandb version 0.18.6
wandb: W&B syncing is set to `offline` in this directory.  
wandb: Run `wandb online` or set WANDB_MODE=online to enable cloud syncing.
Using cpu device
Logging to runs/l1k6m0ps/DQN_1
-----------------------------------
| rollout/            |           |
|    ep_len_mean      | 2.57e+03  |
|    ep_rew_mean      | -3.95e+03 |
|    exploration_rate | 0.902     |
| time/               |           |
|    episodes         | 4         |
|    fps              | 550       |
|    time_elapsed     | 18        |
|    total_timesteps  | 10274     |
| train/              |           |
|    learning_rate    | 0.001     |
|    loss             | 2.93      |
|    n_updates        | 2543      |
-----------------------------------
----------------------------------
| rollout/            |          |
|    ep_len_mean      | 1.04e+04 |
|    ep_rew_mean      | -1e+04   |
|    exploration_rate | 0.211    |
| time/               |          |
|    episodes         | 8        |
|    fps              | 583      |
|    time_elapsed     | 142      |
|    total_timesteps  | 83100    |
| train/              |          |
|    learning_rate    | 0.001    |
|    loss             | 3.23     |
|    n_updates        | 20749    |
----------------------------------
----------------------------------
| rollout/            |          |
|    ep_len_mean      | 2.28e+04 |
|    ep_rew_mean      | -1.8e+04 |
|    exploration_rate | 0.05     |
| time/               |          |
|    episodes         | 12       |
|    fps              | 552      |
|    time_elapsed     | 495      |
|    total_timesteps  | 273864   |
| train/              |          |
|    learning_rate    | 0.001    |
|    loss             | 0.927    |
|    n_updates        | 68440    |
----------------------------------
 100% ━━━━━━━━━━━━━━━━━━━━ 1,000,000/1,000,000  [ 0:32:14 < 0:00:00 , 490 it/s ]
wandb:                                                                                
wandb: 
wandb: Run history:
wandb:              global_step ▁▁▁▁▁▁▃▃▃▃▃▃██████
wandb:      rollout/ep_len_mean ▁▄█
wandb:      rollout/ep_rew_mean █▅▁
wandb: rollout/exploration_rate █▂▁
wandb:                 time/fps ▁█▁
wandb:      train/learning_rate ▁▁▁
wandb:               train/loss ▇█▁
wandb: 
wandb: Run summary:
wandb:              global_step 273864
wandb:      rollout/ep_len_mean 22822
wandb:      rollout/ep_rew_mean -18048.375
wandb: rollout/exploration_rate 0.05
wandb:                 time/fps 552
wandb:      train/learning_rate 0.001
wandb:               train/loss 0.92656
wandb: 
wandb: You can sync this run to the cloud by running:
wandb: wandb sync /leonardo/home/userexternal/mnunzian/RoboSurgery/src/wandb/offline-run-20241115_122635-l1k6m0ps
wandb: Find logs at: ./wandb/offline-run-20241115_122635-l1k6m0ps/logs
Fri Nov 15 12:58:58 CET 2024
